Using pre-set license
Built from '2021.1/staging' branch; Version is '2021.1.15f1 (e767a7370072) revision 15165351'; Using compiler version '192528614'; Build Type 'Release'
OS: 'Windows 10 Pro; OS build 19042.1526; Version 2009; 64bit' Language: 'fr' Physical Memory: 32694 MB
BatchMode: 1, IsHumanControllingUs: 0, StartBugReporterOnCrash: 0, Is64bit: 1, IsPro: 0

 COMMAND LINE ARGUMENTS:
A:\Programmes\Unity\Editor\Editor\Unity.exe
-adb2
-batchMode
-noUpm
-name
AssetImportWorker0
-projectPath
A:/Documents/Unity/Project/Collaborative Project
-logFile
Logs/AssetImportWorker0.log
-srvPort
52718
Successfully changed project path to: A:/Documents/Unity/Project/Collaborative Project
A:/Documents/Unity/Project/Collaborative Project
Using Asset Import Pipeline V2.
Refreshing native plugins compatible for Editor in 80.39 ms, found 3 plugins.
Preloading 0 native plugins for Editor in 0.00 ms.
Initialize engine version: 2021.1.15f1 (e767a7370072)
[Subsystems] Discovering subsystems at path A:/Programmes/Unity/Editor/Editor/Data/Resources/UnitySubsystems
[Subsystems] Discovering subsystems at path A:/Documents/Unity/Project/Collaborative Project/Assets
GfxDevice: creating device client; threaded=0; jobified=0
Direct3D:
    Version:  Direct3D 11.0 [level 11.1]
    Renderer: NVIDIA GeForce RTX 2060 (ID=0x1f08)
    Vendor:   NVIDIA
    VRAM:     5980 MB
    Driver:   30.0.14.9729
Initialize mono
Mono path[0] = 'A:/Programmes/Unity/Editor/Editor/Data/Managed'
Mono path[1] = 'A:/Programmes/Unity/Editor/Editor/Data/MonoBleedingEdge/lib/mono/unityjit'
Mono config path = 'A:/Programmes/Unity/Editor/Editor/Data/MonoBleedingEdge/etc'
Using monoOptions --debugger-agent=transport=dt_socket,embedding=1,server=y,suspend=n,address=127.0.0.1:56544
Begin MonoManager ReloadAssembly
Registering precompiled unity dll's ...
Register platform support module: A:/Programmes/Unity/Editor/Editor/Data/PlaybackEngines/WindowsStandaloneSupport/UnityEditor.WindowsStandalone.Extensions.dll
Registered in 0.000848 seconds.
Native extension for WindowsStandalone target not found
Refreshing native plugins compatible for Editor in 84.06 ms, found 3 plugins.
Preloading 0 native plugins for Editor in 0.00 ms.
Mono: successfully reloaded assembly
- Completed reload, in  0.781 seconds
Domain Reload Profiling:
	ReloadAssembly (781ms)
		BeginReloadAssembly (41ms)
			ExecutionOrderSort (0ms)
			DisableScriptedObjects (0ms)
			BackupInstance (0ms)
			ReleaseScriptingObjects (0ms)
			CreateAndSetChildDomain (1ms)
		EndReloadAssembly (376ms)
			LoadAssemblies (40ms)
			RebuildTransferFunctionScriptingTraits (0ms)
			SetupTypeCache (129ms)
			ReleaseScriptCaches (0ms)
			RebuildScriptCaches (24ms)
			SetupLoadedEditorAssemblies (190ms)
				LogAssemblyErrors (0ms)
				InitializePlatformSupportModulesInManaged (5ms)
				SetLoadedEditorAssemblies (0ms)
				RefreshPlugins (84ms)
				BeforeProcessingInitializeOnLoad (1ms)
				ProcessInitializeOnLoadAttributes (77ms)
				ProcessInitializeOnLoadMethodAttributes (23ms)
				AfterProcessingInitializeOnLoad (0ms)
				EditorAssembliesLoaded (0ms)
			ExecutionOrderSort2 (0ms)
			AwakeInstancesAfterBackupRestoration (0ms)
Platform modules already initialized, skipping
Registering precompiled user dll's ...
Registered in 0.002927 seconds.
Begin MonoManager ReloadAssembly
Symbol file LoadedFromMemory doesn't match image A:\Documents\Unity\Project\Collaborative Project\Library\PackageCache\com.unity.visualscripting@1.6.1\Editor\VisualScripting.Core\Dependencies\YamlDotNet\Unity.VisualScripting.YamlDotNet.dll
Symbol file LoadedFromMemory doesn't match image A:\Documents\Unity\Project\Collaborative Project\Library\PackageCache\com.unity.visualscripting@1.6.1\Editor\VisualScripting.Core\Dependencies\DotNetZip\Unity.VisualScripting.IonicZip.dll
Native extension for WindowsStandalone target not found
Refreshing native plugins compatible for Editor in 87.88 ms, found 3 plugins.
Preloading 0 native plugins for Editor in 0.00 ms.
Mono: successfully reloaded assembly
- Completed reload, in  1.066 seconds
Domain Reload Profiling:
	ReloadAssembly (1066ms)
		BeginReloadAssembly (114ms)
			ExecutionOrderSort (0ms)
			DisableScriptedObjects (4ms)
			BackupInstance (0ms)
			ReleaseScriptingObjects (0ms)
			CreateAndSetChildDomain (16ms)
		EndReloadAssembly (907ms)
			LoadAssemblies (66ms)
			RebuildTransferFunctionScriptingTraits (0ms)
			SetupTypeCache (301ms)
			ReleaseScriptCaches (1ms)
			RebuildScriptCaches (46ms)
			SetupLoadedEditorAssemblies (365ms)
				LogAssemblyErrors (0ms)
				InitializePlatformSupportModulesInManaged (3ms)
				SetLoadedEditorAssemblies (0ms)
				RefreshPlugins (88ms)
				BeforeProcessingInitializeOnLoad (74ms)
				ProcessInitializeOnLoadAttributes (193ms)
				ProcessInitializeOnLoadMethodAttributes (5ms)
				AfterProcessingInitializeOnLoad (2ms)
				EditorAssembliesLoaded (0ms)
			ExecutionOrderSort2 (0ms)
			AwakeInstancesAfterBackupRestoration (5ms)
Platform modules already initialized, skipping
========================================================================
Worker process is ready to serve import requests
Launched and connected shader compiler UnityShaderCompiler.exe after 0.03 seconds
Refreshing native plugins compatible for Editor in 0.71 ms, found 3 plugins.
Preloading 0 native plugins for Editor in 0.00 ms.
Unloading 4216 Unused Serialized files (Serialized files now loaded: 0)
System memory in use before: 161.4 MB.
System memory in use after: 161.6 MB.

Unloading 23 unused Assets to reduce memory usage. Loaded Objects now: 4661.
Total: 2.875300 ms (FindLiveObjects: 0.359900 ms CreateObjectMapping: 0.100000 ms MarkObjects: 2.329900 ms  DeleteObjects: 0.084400 ms)

AssetImportParameters requested are different than current active one (requested -> active):
  custom:framework-win-MediaFoundation: 216162199b28c13a410421893ffa2e32 -> 
  custom:video-decoder-ogg-theora: a1e56fd34408186e4bbccfd4996cb3dc -> 
  custom:container-muxer-webm: aa71ff27fc2769a1b78a27578f13a17b -> 
  custom:container-demuxer-webm: 4f35f7cbe854078d1ac9338744f61a02 -> 
  custom:container-demuxer-ogg: 62fdf1f143b41e24485cea50d1cbac27 -> 
  custom:video-encoder-webm-vp8: eb34c28f22e8b96e1ab97ce403110664 -> 
  custom:video-decoder-webm-vp8: 9c59270c3fd7afecdb556c50c9e8de78 -> 
  custom:audio-decoder-ogg-vorbis: bf7c407c2cedff20999df2af8eb42d56 -> 
  custom:audio-encoder-webm-vorbis: bf7c407c2cedff20999df2af8eb42d56 -> 
========================================================================
Received Import Request.
  path: Packages/com.unity.render-pipelines.universal/ShaderLibrary/Unity.RenderPipelines.Universal.ShaderLibrary.asmdef
  artifactKey: Guid(ab67fb10353d84448ac887a7367cbda8) Importer(815301076,1909f56bfc062723c751e8b465ee728b)
Start importing Packages/com.unity.render-pipelines.universal/ShaderLibrary/Unity.RenderPipelines.Universal.ShaderLibrary.asmdef using Guid(ab67fb10353d84448ac887a7367cbda8) Importer(815301076,1909f56bfc062723c751e8b465ee728b)  -> (artifact id: '5a35078f7a4cff5474e38395ebe19de8') in 0.020072 seconds 
========================================================================
Received Import Request.
  Time since last request: 0.000155 seconds.
  path: Packages/com.unity.render-pipelines.universal/ShaderLibrary
  artifactKey: Guid(2de5b472450204ae2853db2cb6a2540a) Importer(815301076,1909f56bfc062723c751e8b465ee728b)
Start importing Packages/com.unity.render-pipelines.universal/ShaderLibrary using Guid(2de5b472450204ae2853db2cb6a2540a) Importer(815301076,1909f56bfc062723c751e8b465ee728b)  -> (artifact id: 'c4d79e57c33c22eaf56eb4846a810dcc') in 0.004764 seconds 
========================================================================
Received Import Request.
  Time since last request: 0.000139 seconds.
  path: Packages/com.unity.collab-proxy/package.json
  artifactKey: Guid(743fda8c4b219c8429fb5a77ede1c879) Importer(815301076,1909f56bfc062723c751e8b465ee728b)
Start importing Packages/com.unity.collab-proxy/package.json using Guid(743fda8c4b219c8429fb5a77ede1c879) Importer(815301076,1909f56bfc062723c751e8b465ee728b)  -> (artifact id: '22711bbe2ecf9b7a08a2aa13e19b453b') in 0.067814 seconds 
========================================================================
Received Import Request.
  Time since last request: 0.000120 seconds.
  path: Packages/com.unity.render-pipelines.universal/package.json
  artifactKey: Guid(30648b8d550465f4bb77f1e1afd0b37d) Importer(815301076,1909f56bfc062723c751e8b465ee728b)
Start importing Packages/com.unity.render-pipelines.universal/package.json using Guid(30648b8d550465f4bb77f1e1afd0b37d) Importer(815301076,1909f56bfc062723c751e8b465ee728b)  -> (artifact id: '85e747197701accc1a395fb4a875b35f') in 0.001742 seconds 
========================================================================
Received Import Request.
  Time since last request: 6.450690 seconds.
  path: Packages/com.unity.render-pipelines.universal/Shaders
  artifactKey: Guid(248877dd7078443d6b51abf21ee7d52a) Importer(815301076,1909f56bfc062723c751e8b465ee728b)
Start importing Packages/com.unity.render-pipelines.universal/Shaders using Guid(248877dd7078443d6b51abf21ee7d52a) Importer(815301076,1909f56bfc062723c751e8b465ee728b)  -> (artifact id: '3b7a697168cf54701af126bf7b1117a5') in 0.004290 seconds 
========================================================================
Received Import Request.
  Time since last request: 0.072706 seconds.
  path: Packages/com.unity.render-pipelines.universal/Shaders/Unity.RenderPipelines.Universal.Shaders.asmdef
  artifactKey: Guid(b4517ec124862cb4bb3b8b27d72843a6) Importer(815301076,1909f56bfc062723c751e8b465ee728b)
Start importing Packages/com.unity.render-pipelines.universal/Shaders/Unity.RenderPipelines.Universal.Shaders.asmdef using Guid(b4517ec124862cb4bb3b8b27d72843a6) Importer(815301076,1909f56bfc062723c751e8b465ee728b)  -> (artifact id: '6dcf4ccd8f62beca0655b25cff49bc89') in 0.004331 seconds 
========================================================================
Received Import Request.
  Time since last request: 3.324241 seconds.
  path: Packages/com.unity.render-pipelines.universal/Shaders/Terrain
  artifactKey: Guid(cf2defa266cfe43e59a7230ff55c6107) Importer(815301076,1909f56bfc062723c751e8b465ee728b)
Start importing Packages/com.unity.render-pipelines.universal/Shaders/Terrain using Guid(cf2defa266cfe43e59a7230ff55c6107) Importer(815301076,1909f56bfc062723c751e8b465ee728b)  -> (artifact id: 'dde1b4ebdf97d15e5bd865047df711f7') in 0.004104 seconds 
========================================================================
Received Import Request.
  Time since last request: 26.653386 seconds.
  path: Packages/com.unity.render-pipelines.universal/Textures/FilmGrain
  artifactKey: Guid(35e7db2dee6acee439714675bb2193f9) Importer(815301076,1909f56bfc062723c751e8b465ee728b)
Start importing Packages/com.unity.render-pipelines.universal/Textures/FilmGrain using Guid(35e7db2dee6acee439714675bb2193f9) Importer(815301076,1909f56bfc062723c751e8b465ee728b)  -> (artifact id: 'ff59011eb1367d8cedcff3cb31cecc5e') in 0.004407 seconds 
========================================================================
Received Import Request.
  Time since last request: 0.102380 seconds.
  path: Packages/com.unity.render-pipelines.universal/Textures/FilmGrain/Large01.png
  artifactKey: Guid(fd2fd78b392986e42a12df2177d3b89c) Importer(815301076,1909f56bfc062723c751e8b465ee728b)
Start importing Packages/com.unity.render-pipelines.universal/Textures/FilmGrain/Large01.png using Guid(fd2fd78b392986e42a12df2177d3b89c) Importer(815301076,1909f56bfc062723c751e8b465ee728b)  -> (artifact id: 'a10ca825091c0096b549f0a21f7024de') in 0.051166 seconds 
========================================================================
Received Import Request.
  Time since last request: 0.000146 seconds.
  path: Packages/com.unity.render-pipelines.universal/Textures/FilmGrain/Thin01.png
  artifactKey: Guid(654c582f7f8a5a14dbd7d119cbde215d) Importer(815301076,1909f56bfc062723c751e8b465ee728b)
Start importing Packages/com.unity.render-pipelines.universal/Textures/FilmGrain/Thin01.png using Guid(654c582f7f8a5a14dbd7d119cbde215d) Importer(815301076,1909f56bfc062723c751e8b465ee728b)  -> (artifact id: 'ca17ff28f787a93908ffe930f74ce18f') in 0.009216 seconds 
========================================================================
Received Import Request.
  Time since last request: 0.000126 seconds.
  path: Packages/com.unity.render-pipelines.universal/Textures/FilmGrain/Medium02.png
  artifactKey: Guid(f0b67500f7fad3b4c9f2b13e8f41ba6e) Importer(815301076,1909f56bfc062723c751e8b465ee728b)
Start importing Packages/com.unity.render-pipelines.universal/Textures/FilmGrain/Medium02.png using Guid(f0b67500f7fad3b4c9f2b13e8f41ba6e) Importer(815301076,1909f56bfc062723c751e8b465ee728b)  -> (artifact id: '69f20b8058d71fbd77582f02d1390222') in 0.008386 seconds 
========================================================================
Received Import Request.
  Time since last request: 0.000138 seconds.
  path: Packages/com.unity.render-pipelines.universal/Textures/FilmGrain/Thin02.png
  artifactKey: Guid(dd77ffd079630404e879388999033049) Importer(815301076,1909f56bfc062723c751e8b465ee728b)
Start importing Packages/com.unity.render-pipelines.universal/Textures/FilmGrain/Thin02.png using Guid(dd77ffd079630404e879388999033049) Importer(815301076,1909f56bfc062723c751e8b465ee728b)  -> (artifact id: '676951ffade6927e146182c822fbfe79') in 0.008247 seconds 
========================================================================
Received Import Request.
  Time since last request: 0.000139 seconds.
  path: Packages/com.unity.render-pipelines.universal/Textures/FilmGrain/Medium01.png
  artifactKey: Guid(1097e90e1306e26439701489f391a6c0) Importer(815301076,1909f56bfc062723c751e8b465ee728b)
Start importing Packages/com.unity.render-pipelines.universal/Textures/FilmGrain/Medium01.png using Guid(1097e90e1306e26439701489f391a6c0) Importer(815301076,1909f56bfc062723c751e8b465ee728b)  -> (artifact id: '9cf8e198af5d0edea62d816db65ffeaf') in 0.008780 seconds 
========================================================================
Received Import Request.
  Time since last request: 0.000128 seconds.
  path: Packages/com.unity.render-pipelines.universal/Textures/FilmGrain/Medium06.png
  artifactKey: Guid(b4db8180660810945bf8d55ab44352ad) Importer(815301076,1909f56bfc062723c751e8b465ee728b)
Start importing Packages/com.unity.render-pipelines.universal/Textures/FilmGrain/Medium06.png using Guid(b4db8180660810945bf8d55ab44352ad) Importer(815301076,1909f56bfc062723c751e8b465ee728b)  -> (artifact id: '3360167b3f6deeff49e11c1aa275616b') in 0.008024 seconds 
========================================================================
Received Import Request.
  Time since last request: 0.000120 seconds.
  path: Packages/com.unity.render-pipelines.universal/Textures/FilmGrain/Medium03.png
  artifactKey: Guid(9930fb4528622b34687b00bbe6883de7) Importer(815301076,1909f56bfc062723c751e8b465ee728b)
Start importing Packages/com.unity.render-pipelines.universal/Textures/FilmGrain/Medium03.png using Guid(9930fb4528622b34687b00bbe6883de7) Importer(815301076,1909f56bfc062723c751e8b465ee728b)  -> (artifact id: 'd3780463aae127ac3ce109e397b35407') in 0.007940 seconds 
========================================================================
Received Import Request.
  Time since last request: 0.000117 seconds.
  path: Packages/com.unity.render-pipelines.universal/Textures/FilmGrain/Medium04.png
  artifactKey: Guid(bd9e8c758250ef449a4b4bfaad7a2133) Importer(815301076,1909f56bfc062723c751e8b465ee728b)
Start importing Packages/com.unity.render-pipelines.universal/Textures/FilmGrain/Medium04.png using Guid(bd9e8c758250ef449a4b4bfaad7a2133) Importer(815301076,1909f56bfc062723c751e8b465ee728b)  -> (artifact id: 'bd95dab2cb3b719793005d0b795eb75f') in 0.008981 seconds 
========================================================================
Received Import Request.
  Time since last request: 0.000121 seconds.
  path: Packages/com.unity.render-pipelines.universal/Textures/FilmGrain/Medium05.png
  artifactKey: Guid(510a2f57334933e4a8dbabe4c30204e4) Importer(815301076,1909f56bfc062723c751e8b465ee728b)
Start importing Packages/com.unity.render-pipelines.universal/Textures/FilmGrain/Medium05.png using Guid(510a2f57334933e4a8dbabe4c30204e4) Importer(815301076,1909f56bfc062723c751e8b465ee728b)  -> (artifact id: '45eee08862e2e66c1ceee2f33539a083') in 0.009382 seconds 
========================================================================
Received Import Request.
  Time since last request: 0.000124 seconds.
  path: Packages/com.unity.render-pipelines.universal/Textures/FilmGrain/Large02.png
  artifactKey: Guid(5cdee82a77d13994f83b8fdabed7c301) Importer(815301076,1909f56bfc062723c751e8b465ee728b)
Start importing Packages/com.unity.render-pipelines.universal/Textures/FilmGrain/Large02.png using Guid(5cdee82a77d13994f83b8fdabed7c301) Importer(815301076,1909f56bfc062723c751e8b465ee728b)  -> (artifact id: '0a131860e09bf5a32da81e570909ddb4') in 0.008571 seconds 
========================================================================
Received Import Request.
  Time since last request: 40.107030 seconds.
  path: Assets/Scenes
  artifactKey: Guid(982d22ddac05ab94b876ba593313d5f7) Importer(815301076,1909f56bfc062723c751e8b465ee728b)
Start importing Assets/Scenes using Guid(982d22ddac05ab94b876ba593313d5f7) Importer(815301076,1909f56bfc062723c751e8b465ee728b)  -> (artifact id: 'f6566a8e7be70077f71edac17f29d264') in 0.004576 seconds 
========================================================================
Received Import Request.
  Time since last request: 33.878291 seconds.
  path: Assets/Scenes/Personnal Scene
  artifactKey: Guid(24ddf8739cbf7f444bc32f96e77fd5a3) Importer(815301076,1909f56bfc062723c751e8b465ee728b)
Start importing Assets/Scenes/Personnal Scene using Guid(24ddf8739cbf7f444bc32f96e77fd5a3) Importer(815301076,1909f56bfc062723c751e8b465ee728b)  -> (artifact id: '8ff2fff6e072a5b38c25b75b6b319429') in 0.004278 seconds 
========================================================================
Received Import Request.
  Time since last request: 18.805276 seconds.
  path: Assets/Scenes/Personnal Scene/Leo_TestScene.unity
  artifactKey: Guid(4b63b73fc16c77f4c80660905b1910a5) Importer(815301076,1909f56bfc062723c751e8b465ee728b)
Start importing Assets/Scenes/Personnal Scene/Leo_TestScene.unity using Guid(4b63b73fc16c77f4c80660905b1910a5) Importer(815301076,1909f56bfc062723c751e8b465ee728b)  -> (artifact id: '9c5d2b6675113f43fc989031fa637e8b') in 0.004511 seconds 
========================================================================
Received Import Request.
  Time since last request: 14.341193 seconds.
  path: Assets/Scenes/Personnal Scene/Mika_TestScene.unity
  artifactKey: Guid(314c0fdeb9bae764ab6fba174fd5c65f) Importer(815301076,1909f56bfc062723c751e8b465ee728b)
Start importing Assets/Scenes/Personnal Scene/Mika_TestScene.unity using Guid(314c0fdeb9bae764ab6fba174fd5c65f) Importer(815301076,1909f56bfc062723c751e8b465ee728b)  -> (artifact id: 'c3e9603d5d2af8fad00c8a6e2b5cc1fc') in 0.004267 seconds 
========================================================================
Received Import Request.
  Time since last request: 10.280691 seconds.
  path: Assets/Scenes/Personnal Scene/Omer_TestScene.unity
  artifactKey: Guid(acaa640b6c59f8944aa04473ae16dcae) Importer(815301076,1909f56bfc062723c751e8b465ee728b)
Start importing Assets/Scenes/Personnal Scene/Omer_TestScene.unity using Guid(acaa640b6c59f8944aa04473ae16dcae) Importer(815301076,1909f56bfc062723c751e8b465ee728b)  -> (artifact id: '93d71a39b72a4570a64a1091b91516cb') in 0.004739 seconds 
========================================================================
Received Import Request.
  Time since last request: 11.507013 seconds.
  path: Assets/Scenes/Personnal Scene/Corentin_TestScene.unity
  artifactKey: Guid(005d09fb8ae16c342af0cdf4e6494d71) Importer(815301076,1909f56bfc062723c751e8b465ee728b)
Start importing Assets/Scenes/Personnal Scene/Corentin_TestScene.unity using Guid(005d09fb8ae16c342af0cdf4e6494d71) Importer(815301076,1909f56bfc062723c751e8b465ee728b)  -> (artifact id: '1e673e289e00f72a95c49081d7240b45') in 0.004240 seconds 
========================================================================
Received Import Request.
  Time since last request: 18.954077 seconds.
  path: Assets/Scenes/Personnal Scene/Geoffroi_TestScene.unity
  artifactKey: Guid(cb56c60359d9804439cf764b9e1924d7) Importer(815301076,1909f56bfc062723c751e8b465ee728b)
Start importing Assets/Scenes/Personnal Scene/Geoffroi_TestScene.unity using Guid(cb56c60359d9804439cf764b9e1924d7) Importer(815301076,1909f56bfc062723c751e8b465ee728b)  -> (artifact id: '29eac03be6847fdab579ca6eb7777177') in 0.005232 seconds 
========================================================================
Received Import Request.
  Time since last request: 16.688391 seconds.
  path: Assets/Scenes/Personnal Scene/Camille_TestScene.unity
  artifactKey: Guid(2af657999f13a9b4aa8c1de23eee95b3) Importer(815301076,1909f56bfc062723c751e8b465ee728b)
Start importing Assets/Scenes/Personnal Scene/Camille_TestScene.unity using Guid(2af657999f13a9b4aa8c1de23eee95b3) Importer(815301076,1909f56bfc062723c751e8b465ee728b)  -> (artifact id: '75b84404ea8a8cd213643b2fb30eeee4') in 0.004299 seconds 
========================================================================
Received Import Request.
  Time since last request: 10.550942 seconds.
  path: Assets/Scenes/Personnal Scene/Etienne_TestScene.unity
  artifactKey: Guid(9ab85331750215c44994c15c86cea661) Importer(815301076,1909f56bfc062723c751e8b465ee728b)
Start importing Assets/Scenes/Personnal Scene/Etienne_TestScene.unity using Guid(9ab85331750215c44994c15c86cea661) Importer(815301076,1909f56bfc062723c751e8b465ee728b)  -> (artifact id: '40133bcf28dd466634af149d60a9ca9a') in 0.004341 seconds 
========================================================================
Received Import Request.
  Time since last request: 10.855186 seconds.
  path: Assets/Scenes/Personnal Scene/Thomas_TestScene.unity
  artifactKey: Guid(179db7cb9c8fe8e4686b46895e6af4d9) Importer(815301076,1909f56bfc062723c751e8b465ee728b)
Start importing Assets/Scenes/Personnal Scene/Thomas_TestScene.unity using Guid(179db7cb9c8fe8e4686b46895e6af4d9) Importer(815301076,1909f56bfc062723c751e8b465ee728b)  -> (artifact id: '7f5a63a64559e0dbd4191ad6c2605209') in 0.004651 seconds 
========================================================================
Received Import Request.
  Time since last request: 13.444337 seconds.
  path: Assets/Scenes/Personnal Scene/Lucas_TestScene.unity
  artifactKey: Guid(48c605c73dd106240be198e65278b83c) Importer(815301076,1909f56bfc062723c751e8b465ee728b)
Start importing Assets/Scenes/Personnal Scene/Lucas_TestScene.unity using Guid(48c605c73dd106240be198e65278b83c) Importer(815301076,1909f56bfc062723c751e8b465ee728b)  -> (artifact id: '92ec8e24f7918c0c5fa2a6907720462e') in 0.004239 seconds 
========================================================================
Received Import Request.
  Time since last request: 12.200926 seconds.
  path: Assets/Scenes/Personnal Scene/Ludo_TestScene.unity
  artifactKey: Guid(f59bad180645cd0428fde445a4429e40) Importer(815301076,1909f56bfc062723c751e8b465ee728b)
Start importing Assets/Scenes/Personnal Scene/Ludo_TestScene.unity using Guid(f59bad180645cd0428fde445a4429e40) Importer(815301076,1909f56bfc062723c751e8b465ee728b)  -> (artifact id: 'aaff0297ab467a7424e015d38489345e') in 0.004559 seconds 
========================================================================
Received Import Request.
  Time since last request: 21.507127 seconds.
  path: Assets/Scenes/Main Scene
  artifactKey: Guid(b328fde5130226b4ebce743c05afa799) Importer(815301076,1909f56bfc062723c751e8b465ee728b)
Start importing Assets/Scenes/Main Scene using Guid(b328fde5130226b4ebce743c05afa799) Importer(815301076,1909f56bfc062723c751e8b465ee728b)  -> (artifact id: 'e143b80925a5547aba545b5ba90c25e9') in 0.004161 seconds 
========================================================================
Received Import Request.
  Time since last request: 8.975881 seconds.
  path: Assets/Scenes/Main Scenes
  artifactKey: Guid(b328fde5130226b4ebce743c05afa799) Importer(815301076,1909f56bfc062723c751e8b465ee728b)
Start importing Assets/Scenes/Main Scenes using Guid(b328fde5130226b4ebce743c05afa799) Importer(815301076,1909f56bfc062723c751e8b465ee728b)  -> (artifact id: 'a0d58d5ea8c9dd0922e1026ebd89e1f5') in 0.004998 seconds 
========================================================================
Received Import Request.
  Time since last request: 10.494090 seconds.
  path: Assets/Scenes/Personal Scene
  artifactKey: Guid(24ddf8739cbf7f444bc32f96e77fd5a3) Importer(815301076,1909f56bfc062723c751e8b465ee728b)
Start importing Assets/Scenes/Personal Scene using Guid(24ddf8739cbf7f444bc32f96e77fd5a3) Importer(815301076,1909f56bfc062723c751e8b465ee728b)  -> (artifact id: '3010c01cb8295854cb724a1f7c212f0b') in 0.004056 seconds 
========================================================================
Received Import Request.
  Time since last request: 15.347244 seconds.
  path: Assets/Scenes/SampleScene.unity
  artifactKey: Guid(9fc0d4010bbf28b4594072e72b8655ab) Importer(815301076,1909f56bfc062723c751e8b465ee728b)
Start importing Assets/Scenes/SampleScene.unity using Guid(9fc0d4010bbf28b4594072e72b8655ab) Importer(815301076,1909f56bfc062723c751e8b465ee728b)  -> (artifact id: '85059f4f9e1a832ed95adaa0d25c5c4c') in 0.004572 seconds 
========================================================================
Received Import Request.
  Time since last request: 672.513939 seconds.
  path: Assets/Render Piepline/UniversalRenderPipelineAsset.asset
  artifactKey: Guid(f26ab2344d2d5dc4f8f447dd728df6e5) Importer(815301076,1909f56bfc062723c751e8b465ee728b)
Start importing Assets/Render Piepline/UniversalRenderPipelineAsset.asset using Guid(f26ab2344d2d5dc4f8f447dd728df6e5) Importer(815301076,1909f56bfc062723c751e8b465ee728b)  -> (artifact id: '7c89fee1cdec667b1542ec54fcfa1672') in 0.011906 seconds 
========================================================================
Received Import Request.
  Time since last request: 0.000124 seconds.
  path: Assets/Render Piepline/UniversalRenderPipelineAsset_Renderer.asset
  artifactKey: Guid(efa0b1e48a6c0f14f9fd4d4796ce9dd7) Importer(815301076,1909f56bfc062723c751e8b465ee728b)
Start importing Assets/Render Piepline/UniversalRenderPipelineAsset_Renderer.asset using Guid(efa0b1e48a6c0f14f9fd4d4796ce9dd7) Importer(815301076,1909f56bfc062723c751e8b465ee728b)  -> (artifact id: 'e442f9037df30d5b23e8de0ea98170f8') in 0.006138 seconds 
========================================================================
Received Import Request.
  Time since last request: 153.356506 seconds.
  path: Assets/Render Piepline/UniversalRenderPipelineAsset.asset
  artifactKey: Guid(f26ab2344d2d5dc4f8f447dd728df6e5) Importer(815301076,1909f56bfc062723c751e8b465ee728b)
Start importing Assets/Render Piepline/UniversalRenderPipelineAsset.asset using Guid(f26ab2344d2d5dc4f8f447dd728df6e5) Importer(815301076,1909f56bfc062723c751e8b465ee728b)  -> (artifact id: 'c25e05511bfea53488acedbfe2519754') in 0.016057 seconds 
========================================================================
Received Import Request.
  Time since last request: 0.000119 seconds.
  path: Assets/Render Piepline/UniversalRenderPipelineAsset_Renderer.asset
  artifactKey: Guid(efa0b1e48a6c0f14f9fd4d4796ce9dd7) Importer(815301076,1909f56bfc062723c751e8b465ee728b)
Start importing Assets/Render Piepline/UniversalRenderPipelineAsset_Renderer.asset using Guid(efa0b1e48a6c0f14f9fd4d4796ce9dd7) Importer(815301076,1909f56bfc062723c751e8b465ee728b)  -> (artifact id: '0b13dd30beb4f9a84a3b0d737ef0d3cf') in 0.011929 seconds 
========================================================================
Received Prepare
Refreshing native plugins compatible for Editor in 2.71 ms, found 3 plugins.
Preloading 0 native plugins for Editor in 0.00 ms.
Unloading 77 Unused Serialized files (Serialized files now loaded: 0)
System memory in use before: 84.8 MB.
System memory in use after: 84.4 MB.

Unloading 29 unused Assets to reduce memory usage. Loaded Objects now: 4723.
Total: 3.363300 ms (FindLiveObjects: 0.355400 ms CreateObjectMapping: 0.103500 ms MarkObjects: 2.652700 ms  DeleteObjects: 0.250800 ms)

AssetImportParameters requested are different than current active one (requested -> active):
  custom:framework-win-MediaFoundation: 216162199b28c13a410421893ffa2e32 -> 
  custom:video-decoder-ogg-theora: a1e56fd34408186e4bbccfd4996cb3dc -> 
  custom:container-muxer-webm: aa71ff27fc2769a1b78a27578f13a17b -> 
  custom:container-demuxer-webm: 4f35f7cbe854078d1ac9338744f61a02 -> 
  custom:container-demuxer-ogg: 62fdf1f143b41e24485cea50d1cbac27 -> 
  custom:video-encoder-webm-vp8: eb34c28f22e8b96e1ab97ce403110664 -> 
  custom:video-decoder-webm-vp8: 9c59270c3fd7afecdb556c50c9e8de78 -> 
  custom:audio-decoder-ogg-vorbis: bf7c407c2cedff20999df2af8eb42d56 -> 
  custom:audio-encoder-webm-vorbis: bf7c407c2cedff20999df2af8eb42d56 -> 
========================================================================
Received Import Request.
  Time since last request: 149.614656 seconds.
  path: Assets/Render Piepline/UniversalRenderPipelineAsset.asset
  artifactKey: Guid(f26ab2344d2d5dc4f8f447dd728df6e5) Importer(815301076,1909f56bfc062723c751e8b465ee728b)
Start importing Assets/Render Piepline/UniversalRenderPipelineAsset.asset using Guid(f26ab2344d2d5dc4f8f447dd728df6e5) Importer(815301076,1909f56bfc062723c751e8b465ee728b)  -> (artifact id: 'cd4242d1d787514133f1a325049dbc73') in 0.007176 seconds 
========================================================================
Received Import Request.
  Time since last request: 0.000150 seconds.
  path: Assets/Render Piepline/UniversalRenderPipelineAsset_Renderer.asset
  artifactKey: Guid(efa0b1e48a6c0f14f9fd4d4796ce9dd7) Importer(815301076,1909f56bfc062723c751e8b465ee728b)
Start importing Assets/Render Piepline/UniversalRenderPipelineAsset_Renderer.asset using Guid(efa0b1e48a6c0f14f9fd4d4796ce9dd7) Importer(815301076,1909f56bfc062723c751e8b465ee728b)  -> (artifact id: '0d93e67325a7915344fcce2c5e666ca2') in 0.002393 seconds 
AssetImportWorkerClient::OnTransportError - code=2 error=End of file
